2021-06-07 16:39:45 [ERROR] o.s.b.d.LoggingFailureAnalysisReporter - 

***************************
APPLICATION FAILED TO START
***************************

Description:

Web server failed to start. Port 8024 was already in use.

Action:

Identify and stop the process that's listening on port 8024 or configure this application to listen on another port.

2021-06-07 16:40:03 [ERROR] o.s.b.d.LoggingFailureAnalysisReporter - 

***************************
APPLICATION FAILED TO START
***************************

Description:

Web server failed to start. Port 8888 was already in use.

Action:

Identify and stop the process that's listening on port 8888 or configure this application to listen on another port.

2021-06-07 16:40:25 [ERROR] o.s.b.d.LoggingFailureAnalysisReporter - 

***************************
APPLICATION FAILED TO START
***************************

Description:

Web server failed to start. Port 8011 was already in use.

Action:

Identify and stop the process that's listening on port 8011 or configure this application to listen on another port.

